<?xml version="1.0" encoding="UTF-8"?>
<testsuite xmlns:xsi="http://www.w3.org/2001/XMLSchema-instance" xsi:noNamespaceSchemaLocation="https://maven.apache.org/surefire/maven-surefire-plugin/xsd/surefire-test-report.xsd" name="com.testingBDD.CukesRunner" time="118.44" tests="10" errors="0" skipped="0" failures="0">
  <properties>
[...]
</properties>
  <testcase name="Given prepara and navigate" classname="Scenario: Get Process Navigate HappyFresh for First Time" time="0"/>
  <testcase name="When Open Happyfresh for validate URL" classname="Scenario: Get Process Navigate HappyFresh for First Time" time="0"/>
  <testcase name="Then Get URL and equals with &quot;https://www.happyfresh.id/&quot;" classname="Scenario: Get Process Navigate HappyFresh for First Time" time="0"/>
  <testcase name="When Website HappyFresh Opened and Ready" classname="Scenario: Get Process Navigate HappyFresh for First Time" time="0"/>
  <testcase name="Then Searching FarmMarket on Carousel and Click" classname="Scenario: Get Process Navigate HappyFresh for First Time" time="0"/>
  <testcase name="When Website FarmMarket Has Been Opened" classname="Scenario: Get Process Navigate HappyFresh for First Time" time="0"/>
  <testcase name="Then Searching Button Login and Click" classname="Scenario: Get Process Navigate HappyFresh for First Time" time="0"/>
  <testcase name="When username and password show" classname="Scenario: Get Process Navigate HappyFresh for First Time" time="0"/>
  <testcase name="Then filled it" classname="Scenario: Get Process Navigate HappyFresh for First Time" time="0"/>
  <testcase name="Scenario: Get Process Navigate HappyFresh for First Time" classname="Scenario: Get Process Navigate HappyFresh for First Time" time="0"/>
</testsuite>